This file contains any messages produced by compilers while
running configure, to aid debugging if configure makes a mistake.

It was created by MenuMaker configure 0.99.14, which was
generated by GNU Autoconf 2.71.  Invocation command line was

  $ ./configure --no-create --no-recursion

## --------- ##
## Platform. ##
## --------- ##

hostname = H170PRO
uname -m = x86_64
uname -r = 6.8.0-45-generic
uname -s = Linux
uname -v = #45~22.04.1-Ubuntu SMP PREEMPT_DYNAMIC Wed Sep 11 15:25:05 UTC 2

/usr/bin/uname -p = x86_64
/bin/uname -X     = unknown

/bin/arch              = x86_64
/usr/bin/arch -k       = unknown
/usr/convex/getsysinfo = unknown
/usr/bin/hostinfo      = unknown
/bin/machine           = unknown
/usr/bin/oslevel       = unknown
/bin/universe          = unknown

PATH: /home/radek/bin/
PATH: /usr/local/sbin/
PATH: /usr/local/bin/
PATH: /usr/sbin/
PATH: /usr/bin/
PATH: /sbin/
PATH: /bin/
PATH: /usr/games/
PATH: /usr/local/games/
PATH: /snap/bin/
PATH: /snap/bin/


## ----------- ##
## Core tests. ##
## ----------- ##

configure:2144: looking for aux files: compile missing install-sh
configure:2157:  trying ./
configure:2186:   ./compile found
configure:2186:   ./missing found
configure:2168:   ./install-sh found
configure:2316: checking for a BSD-compatible install
configure:2389: result: /usr/bin/install -c
configure:2400: checking whether build environment is sane
configure:2455: result: yes
configure:2614: checking for a race-free mkdir -p
configure:2658: result: /usr/bin/mkdir -p
configure:2665: checking for gawk
configure:2686: found /usr/bin/gawk
configure:2697: result: gawk
configure:2708: checking whether make sets $(MAKE)
configure:2731: result: yes
configure:2761: checking whether make supports nested variables
configure:2779: result: yes
configure:2941: checking whether make supports the include directive
configure:2956: make -f confmf.GNU && cat confinc.out
make[1]: Entering directory '/home/radek/WORK/menumaker-0.99.14'
make[1]: Leaving directory '/home/radek/WORK/menumaker-0.99.14'
this is the am__doit target
configure:2959: $? = 0
configure:2978: result: yes (GNU style)
configure:3054: checking for gcc
configure:3075: found /usr/bin/gcc
configure:3086: result: gcc
configure:3439: checking for C compiler version
configure:3448: gcc --version >&5
gcc (Ubuntu 11.4.0-1ubuntu1~22.04) 11.4.0
Copyright (C) 2021 Free Software Foundation, Inc.
This is free software; see the source for copying conditions.  There is NO
warranty; not even for MERCHANTABILITY or FITNESS FOR A PARTICULAR PURPOSE.

configure:3459: $? = 0
configure:3448: gcc -v >&5
Using built-in specs.
COLLECT_GCC=gcc
COLLECT_LTO_WRAPPER=/usr/lib/gcc/x86_64-linux-gnu/11/lto-wrapper
OFFLOAD_TARGET_NAMES=nvptx-none:amdgcn-amdhsa
OFFLOAD_TARGET_DEFAULT=1
Target: x86_64-linux-gnu
Configured with: ../src/configure -v --with-pkgversion='Ubuntu 11.4.0-1ubuntu1~22.04' --with-bugurl=file:///usr/share/doc/gcc-11/README.Bugs --enable-languages=c,ada,c++,go,brig,d,fortran,objc,obj-c++,m2 --prefix=/usr --with-gcc-major-version-only --program-suffix=-11 --program-prefix=x86_64-linux-gnu- --enable-shared --enable-linker-build-id --libexecdir=/usr/lib --without-included-gettext --enable-threads=posix --libdir=/usr/lib --enable-nls --enable-bootstrap --enable-clocale=gnu --enable-libstdcxx-debug --enable-libstdcxx-time=yes --with-default-libstdcxx-abi=new --enable-gnu-unique-object --disable-vtable-verify --enable-plugin --enable-default-pie --with-system-zlib --enable-libphobos-checking=release --with-target-system-zlib=auto --enable-objc-gc=auto --enable-multiarch --disable-werror --enable-cet --with-arch-32=i686 --with-abi=m64 --with-multilib-list=m32,m64,mx32 --enable-multilib --with-tune=generic --enable-offload-targets=nvptx-none=/build/gcc-11-XeT9lY/gcc-11-11.4.0/debian/tmp-nvptx/usr,amdgcn-amdhsa=/build/gcc-11-XeT9lY/gcc-11-11.4.0/debian/tmp-gcn/usr --without-cuda-driver --enable-checking=release --build=x86_64-linux-gnu --host=x86_64-linux-gnu --target=x86_64-linux-gnu --with-build-config=bootstrap-lto-lean --enable-link-serialization=2
Thread model: posix
Supported LTO compression algorithms: zlib zstd
gcc version 11.4.0 (Ubuntu 11.4.0-1ubuntu1~22.04) 
... rest of stderr output deleted ...
configure:3459: $? = 0
configure:3448: gcc -V >&5
gcc: error: unrecognized command-line option '-V'
gcc: fatal error: no input files
compilation terminated.
configure:3459: $? = 1
configure:3448: gcc -qversion >&5
gcc: error: unrecognized command-line option '-qversion'; did you mean '--version'?
gcc: fatal error: no input files
compilation terminated.
configure:3459: $? = 1
configure:3448: gcc -version >&5
gcc: error: unrecognized command-line option '-version'
gcc: fatal error: no input files
compilation terminated.
configure:3459: $? = 1
configure:3479: checking whether the C compiler works
configure:3501: gcc    conftest.c  >&5
configure:3505: $? = 0
configure:3555: result: yes
configure:3558: checking for C compiler default output file name
configure:3560: result: a.out
configure:3566: checking for suffix of executables
configure:3573: gcc -o conftest    conftest.c  >&5
configure:3577: $? = 0
configure:3600: result: 
configure:3622: checking whether we are cross compiling
configure:3630: gcc -o conftest    conftest.c  >&5
configure:3634: $? = 0
configure:3641: ./conftest
configure:3645: $? = 0
configure:3660: result: no
configure:3665: checking for suffix of object files
configure:3688: gcc -c   conftest.c >&5
configure:3692: $? = 0
configure:3714: result: o
configure:3718: checking whether the compiler supports GNU C
configure:3738: gcc -c   conftest.c >&5
configure:3738: $? = 0
configure:3748: result: yes
configure:3759: checking whether gcc accepts -g
configure:3780: gcc -c -g  conftest.c >&5
configure:3780: $? = 0
configure:3824: result: yes
configure:3844: checking for gcc option to enable C11 features
configure:3859: gcc  -c -g -O2  conftest.c >&5
configure:3859: $? = 0
configure:3877: result: none needed
configure:3993: checking whether gcc understands -c and -o together
configure:4016: gcc -c conftest.c -o conftest2.o
configure:4019: $? = 0
configure:4016: gcc -c conftest.c -o conftest2.o
configure:4019: $? = 0
configure:4031: result: yes
configure:4050: checking dependency style of gcc
configure:4162: result: none
configure:4178: checking for python build information
configure:4180: result: 
configure:4187: checking for python3.11
configure:4222: result: no
configure:4187: checking for python3.10
configure:4208: found /usr/bin/python3.10
configure:4219: result: python3.10
configure:4233: checking for main in -lpython3.10
configure:4253: gcc -o conftest -g -O2   conftest.c -lpython3.10   >&5
/usr/bin/ld: cannot find -lpython3.10: No such file or directory
collect2: error: ld returned 1 exit status
configure:4253: $? = 1
configure: failed program was:
| /* confdefs.h */
| #define PACKAGE_NAME "MenuMaker"
| #define PACKAGE_TARNAME "menumaker"
| #define PACKAGE_VERSION "0.99.14"
| #define PACKAGE_STRING "MenuMaker 0.99.14"
| #define PACKAGE_BUGREPORT ""
| #define PACKAGE_URL ""
| #define PACKAGE "menumaker"
| #define VERSION "0.99.14"
| /* end confdefs.h.  */
| 
| 
| int
| main (void)
| {
| return main ();
|   ;
|   return 0;
| }
configure:4264: result: no
configure:4275: checking for main in -lpython3.10m
configure:4295: gcc -o conftest -g -O2   conftest.c -lpython3.10m   >&5
/usr/bin/ld: cannot find -lpython3.10m: No such file or directory
collect2: error: ld returned 1 exit status
configure:4295: $? = 1
configure: failed program was:
| /* confdefs.h */
| #define PACKAGE_NAME "MenuMaker"
| #define PACKAGE_TARNAME "menumaker"
| #define PACKAGE_VERSION "0.99.14"
| #define PACKAGE_STRING "MenuMaker 0.99.14"
| #define PACKAGE_BUGREPORT ""
| #define PACKAGE_URL ""
| #define PACKAGE "menumaker"
| #define VERSION "0.99.14"
| /* end confdefs.h.  */
| 
| 
| int
| main (void)
| {
| return main ();
|   ;
|   return 0;
| }
configure:4306: result: no
configure:4187: checking for python3.9
configure:4219: result: python3.10
configure:4233: checking for main in -lpython3.10
configure:4264: result: no
configure:4275: checking for main in -lpython3.10m
configure:4306: result: no
configure:4187: checking for python3.8
configure:4219: result: python3.10
configure:4233: checking for main in -lpython3.10
configure:4264: result: no
configure:4275: checking for main in -lpython3.10m
configure:4306: result: no
configure:4187: checking for python3.7
configure:4219: result: python3.10
configure:4233: checking for main in -lpython3.10
configure:4264: result: no
configure:4275: checking for main in -lpython3.10m
configure:4306: result: no
configure:4187: checking for python3.6
configure:4219: result: python3.10
configure:4233: checking for main in -lpython3.10
configure:4264: result: no
configure:4275: checking for main in -lpython3.10m
configure:4306: result: no
configure:4187: checking for python3.5
configure:4219: result: python3.10
configure:4233: checking for main in -lpython3.10
configure:4264: result: no
configure:4275: checking for main in -lpython3.10m
configure:4306: result: no
configure:4187: checking for python3.4
configure:4219: result: python3.10
configure:4233: checking for main in -lpython3.10
configure:4264: result: no
configure:4275: checking for main in -lpython3.10m
configure:4306: result: no
configure:4187: checking for python3.3
configure:4219: result: python3.10
configure:4233: checking for main in -lpython3.10
configure:4264: result: no
configure:4275: checking for main in -lpython3.10m
configure:4306: result: no
configure:4187: checking for python3.2
configure:4219: result: python3.10
configure:4233: checking for main in -lpython3.10
configure:4264: result: no
configure:4275: checking for main in -lpython3.10m
configure:4306: result: no
configure:4187: checking for python3.1
configure:4219: result: python3.10
configure:4233: checking for main in -lpython3.10
configure:4264: result: no
configure:4275: checking for main in -lpython3.10m
configure:4306: result: no
configure:4187: checking for python3.0
configure:4219: result: python3.10
configure:4233: checking for main in -lpython3.10
configure:4264: result: no
configure:4275: checking for main in -lpython3.10m
configure:4306: result: no
configure:4187: checking for python2.7
configure:4219: result: python3.10
configure:4233: checking for main in -lpython3.10
configure:4264: result: no
configure:4275: checking for main in -lpython3.10m
configure:4306: result: no
configure:4187: checking for python2.6
configure:4219: result: python3.10
configure:4233: checking for main in -lpython3.10
configure:4264: result: no
configure:4275: checking for main in -lpython3.10m
configure:4306: result: no
configure:4187: checking for python2.5
configure:4219: result: python3.10
configure:4233: checking for main in -lpython3.10
configure:4264: result: no
configure:4275: checking for main in -lpython3.10m
configure:4306: result: no
configure:4187: checking for python2.4
configure:4219: result: python3.10
configure:4233: checking for main in -lpython3.10
configure:4264: result: no
configure:4275: checking for main in -lpython3.10m
configure:4306: result: no
configure:4187: checking for python2.3
configure:4219: result: python3.10
configure:4233: checking for main in -lpython3.10
configure:4264: result: no
configure:4275: checking for main in -lpython3.10m
configure:4306: result: no
configure:4187: checking for python2.2
configure:4219: result: python3.10
configure:4233: checking for main in -lpython3.10
configure:4264: result: no
configure:4275: checking for main in -lpython3.10m
configure:4306: result: no
configure:4187: checking for python2.1
configure:4219: result: python3.10
configure:4233: checking for main in -lpython3.10
configure:4264: result: no
configure:4275: checking for main in -lpython3.10m
configure:4306: result: no
configure:4187: checking for python
configure:4219: result: python3.10
configure:4233: checking for main in -lpython3.10
configure:4264: result: no
configure:4275: checking for main in -lpython3.10m
configure:4306: result: no
configure:4334: result:   results of the Python check:
configure:4336: result:     Binary:      python3.10
configure:4338: result:     Library:     no
configure:4340: result:     Include Dir: no
configure:4497: checking that generated files are newer than configure
configure:4503: result: done
configure:4526: creating ./config.status

## ---------------- ##
## Cache variables. ##
## ---------------- ##

ac_cv_c_compiler_gnu=yes
ac_cv_env_CC_set=
ac_cv_env_CC_value=
ac_cv_env_CFLAGS_set=
ac_cv_env_CFLAGS_value=
ac_cv_env_CPPFLAGS_set=
ac_cv_env_CPPFLAGS_value=
ac_cv_env_LDFLAGS_set=
ac_cv_env_LDFLAGS_value=
ac_cv_env_LIBS_set=
ac_cv_env_LIBS_value=
ac_cv_env_build_alias_set=
ac_cv_env_build_alias_value=
ac_cv_env_host_alias_set=
ac_cv_env_host_alias_value=
ac_cv_env_target_alias_set=
ac_cv_env_target_alias_value=
ac_cv_lib_python3_10_main=no
ac_cv_lib_python3_10m_main=no
ac_cv_objext=o
ac_cv_path_install='/usr/bin/install -c'
ac_cv_path_mkdir=/usr/bin/mkdir
ac_cv_prog_AWK=gawk
ac_cv_prog_PYTHON_BIN=python3.10
ac_cv_prog_ac_ct_CC=gcc
ac_cv_prog_cc_c11=
ac_cv_prog_cc_g=yes
ac_cv_prog_cc_stdc=
ac_cv_prog_make_make_set=yes
am_cv_CC_dependencies_compiler_type=none
am_cv_make_support_nested_variables=yes
am_cv_prog_cc_c_o=yes

## ----------------- ##
## Output variables. ##
## ----------------- ##

ACLOCAL='${SHELL} '\''/home/radek/WORK/menumaker-0.99.14/missing'\'' aclocal-1.16'
AMDEPBACKSLASH='\'
AMDEP_FALSE='#'
AMDEP_TRUE=''
AMTAR='$${TAR-tar}'
AM_BACKSLASH='\'
AM_DEFAULT_V='$(AM_DEFAULT_VERBOSITY)'
AM_DEFAULT_VERBOSITY='1'
AM_V='$(V)'
AUTOCONF='${SHELL} '\''/home/radek/WORK/menumaker-0.99.14/missing'\'' autoconf'
AUTOHEADER='${SHELL} '\''/home/radek/WORK/menumaker-0.99.14/missing'\'' autoheader'
AUTOMAKE='${SHELL} '\''/home/radek/WORK/menumaker-0.99.14/missing'\'' automake-1.16'
AWK='gawk'
CC='gcc'
CCDEPMODE='depmode=none'
CFLAGS='-g -O2'
CPPFLAGS=''
CSCOPE='cscope'
CTAGS='ctags'
CYGPATH_W='echo'
DEFS='-DPACKAGE_NAME=\"MenuMaker\" -DPACKAGE_TARNAME=\"menumaker\" -DPACKAGE_VERSION=\"0.99.14\" -DPACKAGE_STRING=\"MenuMaker\ 0.99.14\" -DPACKAGE_BUGREPORT=\"\" -DPACKAGE_URL=\"\" -DPACKAGE=\"menumaker\" -DVERSION=\"0.99.14\"'
DEPDIR='.deps'
ECHO_C=''
ECHO_N='-n'
ECHO_T=''
ETAGS='etags'
EXEEXT=''
INSTALL_DATA='${INSTALL} -m 644'
INSTALL_PROGRAM='${INSTALL}'
INSTALL_SCRIPT='${INSTALL}'
INSTALL_STRIP_PROGRAM='$(install_sh) -c -s'
LDFLAGS=''
LIBOBJS=''
LIBS=''
LTLIBOBJS=''
MAKEINFO='${SHELL} '\''/home/radek/WORK/menumaker-0.99.14/missing'\'' makeinfo'
MKDIR_P='/usr/bin/mkdir -p'
OBJEXT='o'
PACKAGE='menumaker'
PACKAGE_BUGREPORT=''
PACKAGE_NAME='MenuMaker'
PACKAGE_STRING='MenuMaker 0.99.14'
PACKAGE_TARNAME='menumaker'
PACKAGE_URL=''
PACKAGE_VERSION='0.99.14'
PATH_SEPARATOR=':'
PYTHON_BIN='python3.10'
PYTHON_INCLUDE_DIR=''
PYTHON_LIB=''
SET_MAKE=''
SHELL='/bin/bash'
STRIP=''
VERSION='0.99.14'
ac_ct_CC='gcc'
am__EXEEXT_FALSE=''
am__EXEEXT_TRUE='#'
am__fastdepCC_FALSE=''
am__fastdepCC_TRUE='#'
am__include='include'
am__isrc=''
am__leading_dot='.'
am__nodep='_no'
am__quote=''
am__tar='$${TAR-tar} chof - "$$tardir"'
am__untar='$${TAR-tar} xf -'
bindir='${exec_prefix}/bin'
build_alias=''
datadir='${datarootdir}'
datarootdir='${prefix}/share'
docdir='${datarootdir}/doc/${PACKAGE_TARNAME}'
dvidir='${docdir}'
exec_prefix='${prefix}'
host_alias=''
htmldir='${docdir}'
includedir='${prefix}/include'
infodir='${datarootdir}/info'
install_sh='${SHELL} /home/radek/WORK/menumaker-0.99.14/install-sh'
libdir='${exec_prefix}/lib'
libexecdir='${exec_prefix}/libexec'
localedir='${datarootdir}/locale'
localstatedir='${prefix}/var'
mandir='${datarootdir}/man'
mkdir_p='$(MKDIR_P)'
oldincludedir='/usr/include'
pdfdir='${docdir}'
prefix='/usr/local'
program_transform_name='s,x,x,'
psdir='${docdir}'
runstatedir='${localstatedir}/run'
sbindir='${exec_prefix}/sbin'
sharedstatedir='${prefix}/com'
sysconfdir='${prefix}/etc'
target_alias=''

## ----------- ##
## confdefs.h. ##
## ----------- ##

/* confdefs.h */
#define PACKAGE_NAME "MenuMaker"
#define PACKAGE_TARNAME "menumaker"
#define PACKAGE_VERSION "0.99.14"
#define PACKAGE_STRING "MenuMaker 0.99.14"
#define PACKAGE_BUGREPORT ""
#define PACKAGE_URL ""
#define PACKAGE "menumaker"
#define VERSION "0.99.14"

configure: exit 0

## ---------------------- ##
## Running config.status. ##
## ---------------------- ##

This file was extended by MenuMaker config.status 0.99.14, which was
generated by GNU Autoconf 2.71.  Invocation command line was

  CONFIG_FILES    = 
  CONFIG_HEADERS  = 
  CONFIG_LINKS    = 
  CONFIG_COMMANDS = 
  $ ./config.status 

on H170PRO

config.status:774: creating Makefile
config.status:774: creating doc/Makefile
config.status:774: creating Config.py
config.status:946: executing depfiles commands
